<?xml version="1.0" encoding="UTF-8"?>
<testsuite name="practice.datastructures.queue.QueueTest" tests="5" skipped="0" failures="0" errors="0" timestamp="2019-04-05T20:40:05" hostname="SEAC02RT86UG8WN.sea.corp.expecn.com" time="0.004">
  <properties/>
  <testcase name="test_pop_order_size" classname="practice.datastructures.queue.QueueTest" time="0.002"/>
  <testcase name="test_push_peek" classname="practice.datastructures.queue.QueueTest" time="0.0"/>
  <testcase name="test_null_size_empty" classname="practice.datastructures.queue.QueueTest" time="0.0"/>
  <testcase name="test_null_peek" classname="practice.datastructures.queue.QueueTest" time="0.0"/>
  <testcase name="test_null_pop" classname="practice.datastructures.queue.QueueTest" time="0.001"/>
  <system-out><![CDATA[]]></system-out>
  <system-err><![CDATA[]]></system-err>
</testsuite>
